<?xml version="1.0" encoding="UTF-8"?>
<testsuite xmlns:xsi="http://www.w3.org/2001/XMLSchema-instance" xsi:noNamespaceSchemaLocation="https://maven.apache.org/surefire/maven-surefire-plugin/xsd/surefire-test-report-3.0.xsd" version="3.0" name="com.innovatech.backend.ProductoControllerTest" time="4.037" tests="4" errors="0" skipped="0" failures="0">
  <properties>
[...]
</properties>
  <testcase name="crearProductoConPrecioInvalidoDebeRechazar" classname="com.innovatech.backend.ProductoControllerTest" time="0.883">
    <system-out><![CDATA[2026-07-16T17:08:10.487-04:00  INFO 24496 --- [           main] t.c.s.AnnotationConfigContextLoaderUtils : Could not detect default configuration classes for test class [com.innovatech.backend.ProductoControllerTest]: ProductoControllerTest does not declare any static, non-private, non-final, nested classes annotated with @Configuration.
2026-07-16T17:08:10.500-04:00  INFO 24496 --- [           main] .b.t.c.SpringBootTestContextBootstrapper : Found @SpringBootConfiguration com.innovatech.backend.BackendApplication for test class com.innovatech.backend.ProductoControllerTest

  .   ____          _            __ _ _
 /\\ / ___'_ __ _ _(_)_ __  __ _ \ \ \ \
( ( )\___ | '_ | '_| | '_ \/ _` | \ \ \ \
 \\/  ___)| |_)| | | | | || (_| |  ) ) ) )
  '  |____| .__|_| |_|_| |_\__, | / / / /
 =========|_|==============|___/=/_/_/_/

 :: Spring Boot ::                (v3.3.4)

2026-07-16T17:08:10.530-04:00  INFO 24496 --- [           main] c.i.backend.ProductoControllerTest       : Starting ProductoControllerTest using Java 17.0.15 with PID 24496 (started by bmona in C:\Users\bmona\Downloads\innovatech-project\innovatech-project\backend)
2026-07-16T17:08:10.530-04:00  INFO 24496 --- [           main] c.i.backend.ProductoControllerTest       : No active profile set, falling back to 1 default profile: "default"
2026-07-16T17:08:10.835-04:00  INFO 24496 --- [           main] .s.d.r.c.RepositoryConfigurationDelegate : Bootstrapping Spring Data JPA repositories in DEFAULT mode.
2026-07-16T17:08:10.842-04:00  INFO 24496 --- [           main] .s.d.r.c.RepositoryConfigurationDelegate : Finished Spring Data repository scanning in 5 ms. Found 1 JPA repository interface.
2026-07-16T17:08:10.974-04:00  INFO 24496 --- [           main] o.hibernate.jpa.internal.util.LogHelper  : HHH000204: Processing PersistenceUnitInfo [name: default]
2026-07-16T17:08:10.978-04:00  INFO 24496 --- [           main] o.h.c.internal.RegionFactoryInitiator    : HHH000026: Second-level cache disabled
2026-07-16T17:08:10.996-04:00  INFO 24496 --- [           main] o.s.o.j.p.SpringPersistenceUnitInfo      : No LoadTimeWeaver setup: ignoring JPA class transformer
2026-07-16T17:08:10.998-04:00  INFO 24496 --- [           main] com.zaxxer.hikari.HikariDataSource       : HikariPool-2 - Starting...
2026-07-16T17:08:11.000-04:00  INFO 24496 --- [           main] com.zaxxer.hikari.pool.HikariPool        : HikariPool-2 - Added connection conn10: url=jdbc:h2:mem:testdb user=SA
2026-07-16T17:08:11.000-04:00  INFO 24496 --- [           main] com.zaxxer.hikari.HikariDataSource       : HikariPool-2 - Start completed.
2026-07-16T17:08:11.001-04:00  WARN 24496 --- [           main] org.hibernate.orm.deprecation            : HHH90000025: H2Dialect does not need to be specified explicitly using 'hibernate.dialect' (remove the property setting and it will be selected by default)
2026-07-16T17:08:11.034-04:00  INFO 24496 --- [           main] o.h.e.t.j.p.i.JtaPlatformInitiator       : HHH000489: No JTA platform available (set 'hibernate.transaction.jta.platform' to enable JTA platform integration)
2026-07-16T17:08:11.037-04:00  INFO 24496 --- [           main] j.LocalContainerEntityManagerFactoryBean : Initialized JPA EntityManagerFactory for persistence unit 'default'
2026-07-16T17:08:11.151-04:00  WARN 24496 --- [           main] JpaBaseConfiguration$JpaWebConfiguration : spring.jpa.open-in-view is enabled by default. Therefore, database queries may be performed during view rendering. Explicitly configure spring.jpa.open-in-view to disable this warning
2026-07-16T17:08:11.465-04:00  INFO 24496 --- [           main] o.s.b.t.m.w.SpringBootMockServletContext : Initializing Spring TestDispatcherServlet ''
2026-07-16T17:08:11.465-04:00  INFO 24496 --- [           main] o.s.t.web.servlet.TestDispatcherServlet  : Initializing Servlet ''
2026-07-16T17:08:11.469-04:00  INFO 24496 --- [           main] o.s.b.a.e.web.EndpointLinksResolver      : Exposing 1 endpoint beneath base path '/actuator'
2026-07-16T17:08:11.478-04:00  INFO 24496 --- [           main] o.s.t.web.servlet.TestDispatcherServlet  : Completed initialization in 11 ms
2026-07-16T17:08:11.507-04:00  INFO 24496 --- [           main] c.i.backend.ProductoControllerTest       : Started ProductoControllerTest in 1.0 seconds (process running for 20.806)
2026-07-16T17:08:12.320-04:00  WARN 24496 --- [           main] .w.s.m.s.DefaultHandlerExceptionResolver : Resolved [org.springframework.web.bind.MethodArgumentNotValidException: Validation failed for argument [0] in public org.springframework.http.ResponseEntity<com.innovatech.backend.model.Producto> com.innovatech.backend.controller.ProductoController.crear(com.innovatech.backend.model.Producto): [Field error in object 'producto' on field 'precio': rejected value [-5.0]; codes [Positive.producto.precio,Positive.precio,Positive.java.lang.Double,Positive]; arguments [org.springframework.context.support.DefaultMessageSourceResolvable: codes [producto.precio,precio]; arguments []; default message [precio]]; default message [El precio debe ser mayor a 0]] ]
]]></system-out>
  </testcase>
  <testcase name="listarProductosDebeResponder200" classname="com.innovatech.backend.ProductoControllerTest" time="1.082"/>
  <testcase name="healthCheckDebeResponderUp" classname="com.innovatech.backend.ProductoControllerTest" time="0.568"/>
  <testcase name="crearProductoValidoDebeResponder201" classname="com.innovatech.backend.ProductoControllerTest" time="0.471"/>
</testsuite>